[16:49:25] [main/INFO] [GradleStart]: No arguments specified, assuming client.
[16:49:25] [main/INFO] [GradleStart]: Extra: []
[16:49:25] [main/INFO] [GradleStart]: Running with arguments: [--userProperties, {}, --username, ForgeDevName, --tweakClass, cpw.mods.fml.common.launcher.FMLTweaker, --accessToken, {REDACTED}, --assetIndex, 1.7.10, --assetsDir, C:/Users/Ben/.gradle/caches/minecraft/assets, --version, 1.7.10]
[16:49:25] [main/INFO] [LaunchWrapper]: Loading tweak class name cpw.mods.fml.common.launcher.FMLTweaker
[16:49:25] [main/INFO] [LaunchWrapper]: Using primary tweak class name cpw.mods.fml.common.launcher.FMLTweaker
[16:49:25] [main/INFO] [LaunchWrapper]: Calling tweak class cpw.mods.fml.common.launcher.FMLTweaker
[16:50:11] [main/INFO] [GradleStart]: No arguments specified, assuming client.
[16:50:11] [main/INFO] [GradleStart]: Extra: []
[16:50:11] [main/INFO] [GradleStart]: Running with arguments: [--userProperties, {}, --username, ForgeDevName, --tweakClass, cpw.mods.fml.common.launcher.FMLTweaker, --accessToken, {REDACTED}, --assetIndex, 1.7.10, --assetsDir, C:/Users/Ben/.gradle/caches/minecraft/assets, --version, 1.7.10]
[16:50:11] [main/INFO] [LaunchWrapper]: Loading tweak class name cpw.mods.fml.common.launcher.FMLTweaker
[16:50:11] [main/INFO] [LaunchWrapper]: Using primary tweak class name cpw.mods.fml.common.launcher.FMLTweaker
[16:50:11] [main/INFO] [LaunchWrapper]: Calling tweak class cpw.mods.fml.common.launcher.FMLTweaker
[16:50:59] [main/INFO] [GradleStart]: No arguments specified, assuming client.
[16:50:59] [main/INFO] [GradleStart]: Extra: []
[16:50:59] [main/INFO] [GradleStart]: Running with arguments: [--userProperties, {}, --username, ForgeDevName, --tweakClass, cpw.mods.fml.common.launcher.FMLTweaker, --accessToken, {REDACTED}, --assetIndex, 1.7.10, --assetsDir, C:/Users/Ben/.gradle/caches/minecraft/assets, --version, 1.7.10]
[16:50:59] [main/INFO] [LaunchWrapper]: Loading tweak class name cpw.mods.fml.common.launcher.FMLTweaker
[16:50:59] [main/INFO] [LaunchWrapper]: Using primary tweak class name cpw.mods.fml.common.launcher.FMLTweaker
[16:50:59] [main/INFO] [LaunchWrapper]: Calling tweak class cpw.mods.fml.common.launcher.FMLTweaker
[16:54:12] [main/INFO] [GradleStart]: No arguments specified, assuming client.
[16:54:12] [main/INFO] [GradleStart]: Extra: []
[16:54:12] [main/INFO] [GradleStart]: Running with arguments: [--userProperties, {}, --username, ForgeDevName, --tweakClass, cpw.mods.fml.common.launcher.FMLTweaker, --accessToken, {REDACTED}, --assetIndex, 1.7.10, --assetsDir, C:/Users/Ben/.gradle/caches/minecraft/assets, --version, 1.7.10]
[16:54:12] [main/INFO] [LaunchWrapper]: Loading tweak class name cpw.mods.fml.common.launcher.FMLTweaker
[16:54:12] [main/INFO] [LaunchWrapper]: Using primary tweak class name cpw.mods.fml.common.launcher.FMLTweaker
[16:54:12] [main/INFO] [LaunchWrapper]: Calling tweak class cpw.mods.fml.common.launcher.FMLTweaker
[16:55:46] [main/INFO] [GradleStart]: No arguments specified, assuming client.
[16:55:46] [main/INFO] [GradleStart]: Extra: []
[16:55:46] [main/INFO] [GradleStart]: Running with arguments: [--userProperties, {}, --username, ForgeDevName, --tweakClass, cpw.mods.fml.common.launcher.FMLTweaker, --accessToken, {REDACTED}, --assetIndex, 1.7.10, --assetsDir, C:/Users/Ben/.gradle/caches/minecraft/assets, --version, 1.7.10]
[16:55:47] [main/INFO] [LaunchWrapper]: Loading tweak class name cpw.mods.fml.common.launcher.FMLTweaker
[16:55:47] [main/INFO] [LaunchWrapper]: Using primary tweak class name cpw.mods.fml.common.launcher.FMLTweaker
[16:55:47] [main/INFO] [LaunchWrapper]: Calling tweak class cpw.mods.fml.common.launcher.FMLTweaker
[17:23:17] [main/INFO] [GradleStart]: No arguments specified, assuming client.
[17:23:17] [main/INFO] [GradleStart]: Extra: []
[17:23:17] [main/INFO] [GradleStart]: Running with arguments: [--userProperties, {}, --username, ForgeDevName, --tweakClass, cpw.mods.fml.common.launcher.FMLTweaker, --accessToken, {REDACTED}, --assetIndex, 1.7.10, --assetsDir, C:/Users/Ben/.gradle/caches/minecraft/assets, --version, 1.7.10]
[17:23:17] [main/INFO] [LaunchWrapper]: Loading tweak class name cpw.mods.fml.common.launcher.FMLTweaker
[17:23:17] [main/INFO] [LaunchWrapper]: Using primary tweak class name cpw.mods.fml.common.launcher.FMLTweaker
[17:23:17] [main/INFO] [LaunchWrapper]: Calling tweak class cpw.mods.fml.common.launcher.FMLTweaker
[17:24:09] [main/INFO] [GradleStart]: No arguments specified, assuming client.
[17:24:09] [main/INFO] [GradleStart]: Extra: []
[17:24:09] [main/INFO] [GradleStart]: Running with arguments: [--userProperties, {}, --username, ForgeDevName, --tweakClass, cpw.mods.fml.common.launcher.FMLTweaker, --accessToken, {REDACTED}, --assetIndex, 1.7.10, --assetsDir, C:/Users/Ben/.gradle/caches/minecraft/assets, --version, 1.7.10]
[17:24:09] [main/INFO] [LaunchWrapper]: Loading tweak class name cpw.mods.fml.common.launcher.FMLTweaker
[17:24:09] [main/INFO] [LaunchWrapper]: Using primary tweak class name cpw.mods.fml.common.launcher.FMLTweaker
[17:24:09] [main/INFO] [LaunchWrapper]: Calling tweak class cpw.mods.fml.common.launcher.FMLTweaker
[17:28:16] [main/INFO] [GradleStart]: No arguments specified, assuming client.
[17:28:16] [main/INFO] [GradleStart]: Extra: []
[17:28:16] [main/INFO] [GradleStart]: Running with arguments: [--userProperties, {}, --username, ForgeDevName, --tweakClass, cpw.mods.fml.common.launcher.FMLTweaker, --accessToken, {REDACTED}, --assetIndex, 1.7.10, --assetsDir, C:/Users/Ben/.gradle/caches/minecraft/assets, --version, 1.7.10]
[17:28:16] [main/INFO] [LaunchWrapper]: Loading tweak class name cpw.mods.fml.common.launcher.FMLTweaker
[17:28:16] [main/INFO] [LaunchWrapper]: Using primary tweak class name cpw.mods.fml.common.launcher.FMLTweaker
[17:28:16] [main/INFO] [LaunchWrapper]: Calling tweak class cpw.mods.fml.common.launcher.FMLTweaker
[17:41:33] [main/INFO] [GradleStart]: No arguments specified, assuming client.
[17:41:33] [main/INFO] [GradleStart]: Extra: []
[17:41:33] [main/INFO] [GradleStart]: Running with arguments: [--userProperties, {}, --username, ForgeDevName, --tweakClass, cpw.mods.fml.common.launcher.FMLTweaker, --accessToken, {REDACTED}, --assetIndex, 1.7.10, --assetsDir, C:/Users/Ben/.gradle/caches/minecraft/assets, --version, 1.7.10]
[17:41:33] [main/INFO] [LaunchWrapper]: Loading tweak class name cpw.mods.fml.common.launcher.FMLTweaker
[17:41:33] [main/INFO] [LaunchWrapper]: Using primary tweak class name cpw.mods.fml.common.launcher.FMLTweaker
[17:41:33] [main/INFO] [LaunchWrapper]: Calling tweak class cpw.mods.fml.common.launcher.FMLTweaker
[17:50:54] [main/INFO] [GradleStart]: No arguments specified, assuming client.
[17:50:54] [main/INFO] [GradleStart]: Extra: []
[17:50:54] [main/INFO] [GradleStart]: Running with arguments: [--userProperties, {}, --username, ForgeDevName, --tweakClass, cpw.mods.fml.common.launcher.FMLTweaker, --accessToken, {REDACTED}, --assetIndex, 1.7.10, --assetsDir, C:/Users/Ben/.gradle/caches/minecraft/assets, --version, 1.7.10]
[17:50:54] [main/INFO] [LaunchWrapper]: Loading tweak class name cpw.mods.fml.common.launcher.FMLTweaker
[17:50:54] [main/INFO] [LaunchWrapper]: Using primary tweak class name cpw.mods.fml.common.launcher.FMLTweaker
[17:50:54] [main/INFO] [LaunchWrapper]: Calling tweak class cpw.mods.fml.common.launcher.FMLTweaker
[17:51:50] [main/INFO] [GradleStart]: No arguments specified, assuming client.
[17:51:50] [main/INFO] [GradleStart]: Extra: []
[17:51:51] [main/INFO] [GradleStart]: Running with arguments: [--userProperties, {}, --username, ForgeDevName, --tweakClass, cpw.mods.fml.common.launcher.FMLTweaker, --accessToken, {REDACTED}, --assetIndex, 1.7.10, --assetsDir, C:/Users/Ben/.gradle/caches/minecraft/assets, --version, 1.7.10]
[17:51:51] [main/INFO] [LaunchWrapper]: Loading tweak class name cpw.mods.fml.common.launcher.FMLTweaker
[17:51:51] [main/INFO] [LaunchWrapper]: Using primary tweak class name cpw.mods.fml.common.launcher.FMLTweaker
[17:51:51] [main/INFO] [LaunchWrapper]: Calling tweak class cpw.mods.fml.common.launcher.FMLTweaker
[17:56:56] [main/INFO] [GradleStart]: No arguments specified, assuming client.
[17:56:56] [main/INFO] [GradleStart]: Extra: []
[17:56:56] [main/INFO] [GradleStart]: Running with arguments: [--userProperties, {}, --username, ForgeDevName, --tweakClass, cpw.mods.fml.common.launcher.FMLTweaker, --accessToken, {REDACTED}, --assetIndex, 1.7.10, --assetsDir, C:/Users/Ben/.gradle/caches/minecraft/assets, --version, 1.7.10]
[17:56:56] [main/INFO] [LaunchWrapper]: Loading tweak class name cpw.mods.fml.common.launcher.FMLTweaker
[17:56:56] [main/INFO] [LaunchWrapper]: Using primary tweak class name cpw.mods.fml.common.launcher.FMLTweaker
[17:56:56] [main/INFO] [LaunchWrapper]: Calling tweak class cpw.mods.fml.common.launcher.FMLTweaker
[18:08:29] [main/INFO] [GradleStart]: No arguments specified, assuming client.
[18:08:29] [main/INFO] [GradleStart]: Extra: []
[18:08:29] [main/INFO] [GradleStart]: Running with arguments: [--userProperties, {}, --username, ForgeDevName, --tweakClass, cpw.mods.fml.common.launcher.FMLTweaker, --accessToken, {REDACTED}, --assetIndex, 1.7.10, --assetsDir, C:/Users/Ben/.gradle/caches/minecraft/assets, --version, 1.7.10]
[18:08:29] [main/INFO] [LaunchWrapper]: Loading tweak class name cpw.mods.fml.common.launcher.FMLTweaker
[18:08:29] [main/INFO] [LaunchWrapper]: Using primary tweak class name cpw.mods.fml.common.launcher.FMLTweaker
[18:08:29] [main/INFO] [LaunchWrapper]: Calling tweak class cpw.mods.fml.common.launcher.FMLTweaker
[18:10:24] [main/INFO] [GradleStart]: No arguments specified, assuming client.
[18:10:24] [main/INFO] [GradleStart]: Extra: []
[18:10:24] [main/INFO] [GradleStart]: Running with arguments: [--userProperties, {}, --username, ForgeDevName, --tweakClass, cpw.mods.fml.common.launcher.FMLTweaker, --accessToken, {REDACTED}, --assetIndex, 1.7.10, --assetsDir, C:/Users/Ben/.gradle/caches/minecraft/assets, --version, 1.7.10]
[18:10:24] [main/INFO] [LaunchWrapper]: Loading tweak class name cpw.mods.fml.common.launcher.FMLTweaker
[18:10:24] [main/INFO] [LaunchWrapper]: Using primary tweak class name cpw.mods.fml.common.launcher.FMLTweaker
[18:10:24] [main/INFO] [LaunchWrapper]: Calling tweak class cpw.mods.fml.common.launcher.FMLTweaker
[18:15:21] [main/INFO] [GradleStart]: No arguments specified, assuming client.
[18:15:21] [main/INFO] [GradleStart]: Extra: []
[18:15:21] [main/INFO] [GradleStart]: Running with arguments: [--userProperties, {}, --username, ForgeDevName, --tweakClass, cpw.mods.fml.common.launcher.FMLTweaker, --accessToken, {REDACTED}, --assetIndex, 1.7.10, --assetsDir, C:/Users/Ben/.gradle/caches/minecraft/assets, --version, 1.7.10]
[18:15:21] [main/INFO] [LaunchWrapper]: Loading tweak class name cpw.mods.fml.common.launcher.FMLTweaker
[18:15:21] [main/INFO] [LaunchWrapper]: Using primary tweak class name cpw.mods.fml.common.launcher.FMLTweaker
[18:15:21] [main/INFO] [LaunchWrapper]: Calling tweak class cpw.mods.fml.common.launcher.FMLTweaker
[18:27:40] [main/INFO] [GradleStart]: No arguments specified, assuming client.
[18:27:40] [main/INFO] [GradleStart]: Extra: []
[18:27:40] [main/INFO] [GradleStart]: Running with arguments: [--userProperties, {}, --username, ForgeDevName, --tweakClass, cpw.mods.fml.common.launcher.FMLTweaker, --accessToken, {REDACTED}, --assetIndex, 1.7.10, --assetsDir, C:/Users/Ben/.gradle/caches/minecraft/assets, --version, 1.7.10]
[18:27:40] [main/INFO] [LaunchWrapper]: Loading tweak class name cpw.mods.fml.common.launcher.FMLTweaker
[18:27:40] [main/INFO] [LaunchWrapper]: Using primary tweak class name cpw.mods.fml.common.launcher.FMLTweaker
[18:27:40] [main/INFO] [LaunchWrapper]: Calling tweak class cpw.mods.fml.common.launcher.FMLTweaker
[18:33:01] [main/INFO] [GradleStart]: No arguments specified, assuming client.
[18:33:01] [main/INFO] [GradleStart]: Extra: []
[18:33:01] [main/INFO] [GradleStart]: Running with arguments: [--userProperties, {}, --username, ForgeDevName, --tweakClass, cpw.mods.fml.common.launcher.FMLTweaker, --accessToken, {REDACTED}, --assetIndex, 1.7.10, --assetsDir, C:/Users/Ben/.gradle/caches/minecraft/assets, --version, 1.7.10]
[18:33:01] [main/INFO] [LaunchWrapper]: Loading tweak class name cpw.mods.fml.common.launcher.FMLTweaker
[18:33:01] [main/INFO] [LaunchWrapper]: Using primary tweak class name cpw.mods.fml.common.launcher.FMLTweaker
[18:33:01] [main/INFO] [LaunchWrapper]: Calling tweak class cpw.mods.fml.common.launcher.FMLTweaker
